<?xml version="1.0" encoding="utf-8"?><testsuites name="pytest tests"><testsuite name="pytest" errors="0" failures="2" skipped="0" tests="19" time="4.172" timestamp="2026-03-21T15:24:32.862625+00:00" hostname="agent-env-9081b5ad-2256-418e-a643-c64f3be578f0"><testcase classname="backend.tests.test_owl_finance.TestAuth" name="test_admin_login" time="0.358" /><testcase classname="backend.tests.test_owl_finance.TestAuth" name="test_client_login" time="0.344" /><testcase classname="backend.tests.test_owl_finance.TestAuth" name="test_invalid_login" time="0.104" /><testcase classname="backend.tests.test_owl_finance.TestAuth" name="test_get_me_admin" time="0.431" /><testcase classname="backend.tests.test_owl_finance.TestAuth" name="test_get_me_client" time="0.457" /><testcase classname="backend.tests.test_owl_finance.TestAuth" name="test_no_token_returns_401" time="0.102" /><testcase classname="backend.tests.test_owl_finance.TestAdmin" name="test_get_admin_stats" time="0.102" /><testcase classname="backend.tests.test_owl_finance.TestAdmin" name="test_get_clients" time="0.100" /><testcase classname="backend.tests.test_owl_finance.TestAdmin" name="test_create_and_delete_client" time="0.571" /><testcase classname="backend.tests.test_owl_finance.TestAdmin" name="test_toggle_client_status" time="0.314" /><testcase classname="backend.tests.test_owl_finance.TestAdmin" name="test_get_all_transactions" time="0.096" /><testcase classname="backend.tests.test_owl_finance.TestAdmin" name="test_get_plans" time="0.124" /><testcase classname="backend.tests.test_owl_finance.TestClient" name="test_client_dashboard" time="0.115"><failure message="assert 0 &gt; 0">E   assert 0 &gt; 0</failure></testcase><testcase classname="backend.tests.test_owl_finance.TestClient" name="test_get_transactions" time="0.111"><failure message="assert 0 &gt;= 7&#10; +  where 0 = len([])">E   assert 0 &gt;= 7
     +  where 0 = len([])</failure></testcase><testcase classname="backend.tests.test_owl_finance.TestClient" name="test_get_transactions_filter_profit" time="0.097" /><testcase classname="backend.tests.test_owl_finance.TestClient" name="test_create_update_delete_transaction" time="0.351" /><testcase classname="backend.tests.test_owl_finance.TestClient" name="test_get_profile" time="0.100" /><testcase classname="backend.tests.test_owl_finance.TestClient" name="test_client_cannot_access_admin" time="0.118" /><testcase classname="backend.tests.test_owl_finance.TestClient" name="test_admin_cannot_access_client" time="0.118" /></testsuite></testsuites>