<?xml version="1.0" encoding="utf-8"?><testsuites name="pytest tests"><testsuite name="pytest" errors="0" failures="0" skipped="0" tests="17" time="7.957" timestamp="2026-03-21T16:33:08.755189+00:00" hostname="agent-env-9081b5ad-2256-418e-a643-c64f3be578f0"><testcase classname="backend.tests.test_owl_finance_v2.TestPlans" name="test_plans_returns_3" time="1.205" /><testcase classname="backend.tests.test_owl_finance_v2.TestPlans" name="test_plans_prices" time="0.117" /><testcase classname="backend.tests.test_owl_finance_v2.TestPlans" name="test_plan_basic_no_export_no_ai" time="0.132" /><testcase classname="backend.tests.test_owl_finance_v2.TestPlans" name="test_plan_premium_has_ai" time="0.118" /><testcase classname="backend.tests.test_owl_finance_v2.TestAuth" name="test_admin_login" time="0.354" /><testcase classname="backend.tests.test_owl_finance_v2.TestAuth" name="test_premium_client_login" time="0.359" /><testcase classname="backend.tests.test_owl_finance_v2.TestAuth" name="test_invalid_login" time="0.107" /><testcase classname="backend.tests.test_owl_finance_v2.TestAiInsights" name="test_premium_can_call_ai" time="1.941" /><testcase classname="backend.tests.test_owl_finance_v2.TestAiInsights" name="test_non_premium_gets_403" time="0.468" /><testcase classname="backend.tests.test_owl_finance_v2.TestAiInsights" name="test_unauthenticated_gets_403" time="0.099" /><testcase classname="backend.tests.test_owl_finance_v2.TestTransactions" name="test_create_and_get_transaction" time="0.357" /><testcase classname="backend.tests.test_owl_finance_v2.TestTransactions" name="test_delete_transaction_permanent" time="0.446" /><testcase classname="backend.tests.test_owl_finance_v2.TestTransactions" name="test_delete_nonexistent_returns_404" time="0.116" /><testcase classname="backend.tests.test_owl_finance_v2.TestTransactions" name="test_update_transaction" time="0.430" /><testcase classname="backend.tests.test_owl_finance_v2.TestAdmin" name="test_get_clients" time="0.117" /><testcase classname="backend.tests.test_owl_finance_v2.TestAdmin" name="test_create_and_delete_client" time="0.552" /><testcase classname="backend.tests.test_owl_finance_v2.TestAdmin" name="test_basic_client_cannot_use_ai" time="0.857" /></testsuite></testsuites>